<?xml version="1.0" encoding="UTF-8"?>
<Site BuildName="(empty)"
	BuildStamp="20241020-1615-Experimental"
	Name="(empty)"
	Generator="ctest-3.28.1"
	CompilerName=""
	CompilerVersion=""
	OSName="Windows"
	Hostname="DESKTOP-00823N8"
	OSRelease=" Professional"
	OSVersion=" (Build 19045)"
	OSPlatform="AMD64"
	Is64Bits="1"
	VendorString=""
	VendorID="Unknown Manufacturer"
	FamilyID="0"
	ModelID="0"
	ProcessorCacheSize="0"
	NumberOfLogicalCPU="12"
	NumberOfPhysicalCPU="6"
	TotalVirtualMemory="16474"
	TotalPhysicalMemory="7489"
	LogicalProcessorsPerPhysical="2"
	ProcessorClockFrequency="2296"
	>
	<Testing>
		<StartDateTime>Oct 20 23:15 Томск (зима)</StartDateTime>
		<StartTestTime>1729440939</StartTestTime>
		<TestList/>
		<EndDateTime>Oct 20 23:15 Томск (зима)</EndDateTime>
		<EndTestTime>1729440939</EndTestTime>
		<ElapsedMinutes>0</ElapsedMinutes>
	</Testing>
</Site>
